<?xml version="1.0" encoding="UTF-8"?>
<!-- Generated by org.testng.reporters.JUnitXMLReporter -->
<testsuite ignored="0" hostname="LAPTOP-J8PB4LQ3" failures="0" tests="3" name="Default test" time="13.836" errors="0" timestamp="2020-07-15T22:09:10 EDT">
  <testcase classname="com.bny.testcases.LoginPageTest" name="clickedOnSignInImage" time="0.117"/>
  <testcase classname="com.bny.testcases.LoginPageTest" name="enterValidUsername" time="0.417"/>
  <testcase classname="com.bny.testcases.LoginPageTest" name="clickedOnSubmitBtn" time="0.082"/>
</testsuite> <!-- Default test -->
