<?xml version="1.0" encoding="UTF-8"?>
<!-- Generated by org.testng.reporters.JUnitXMLReporter -->
<testsuite ignored="0" hostname="LAPTOP-J8PB4LQ3" failures="1" tests="3" name="Test" time="13.511" errors="0" timestamp="2020-07-15T22:39:15 EDT">
  <testcase classname="com.bny.testcases.LoginPageTest" name="clickedOnSignInImage" time="0.107"/>
  <testcase classname="com.bny.testcases.LoginPageTest" name="enterValidUsername" time="0.38">
    <failure type="java.lang.AssertionError" message="expected [false] but found [true]">
      <![CDATA[java.lang.AssertionError: expected [false] but found [true]
at com.bny.testcases.LoginPageTest.enterValidUsername(LoginPageTest.java:58)
at java.base/java.util.ArrayList.forEach(ArrayList.java:1507)
... Removed 31 stack frames]]>
    </failure>
  </testcase> <!-- enterValidUsername -->
  <testcase classname="com.bny.testcases.LoginPageTest" name="clickedOnSubmitBtn" time="0.075"/>
</testsuite> <!-- Test -->
